<?xml version="1.0" encoding="UTF-8"?>
<coverage generated="1655997094329" clover="3.2.0">
  <project timestamp="1655997094329" name="All files">
    <metrics statements="9" coveredstatements="9" conditionals="8" coveredconditionals="8" methods="5" coveredmethods="5" elements="22" coveredelements="22" complexity="0" loc="9" ncloc="9" packages="1" files="1" classes="1"/>
    <file name="StormGlass.ts" path="C:\Users\igor\Desktop\projetos\SurfApp\src\clients\StormGlass.ts">
      <metrics statements="9" coveredstatements="9" conditionals="8" coveredconditionals="8" methods="5" coveredmethods="5"/>
      <line num="44" count="1" type="stmt"/>
      <line num="45" count="1" type="stmt"/>
      <line num="47" count="1" type="stmt"/>
      <line num="49" count="1" type="stmt"/>
      <line num="52" count="1" type="stmt"/>
      <line num="53" count="1" type="stmt"/>
      <line num="54" count="1" type="stmt"/>
      <line num="60" count="3" type="stmt"/>
      <line num="72" count="3" type="stmt"/>
    </file>
  </project>
</coverage>
