{"C:\\Users\\igor\\Desktop\\projetos\\SurfApp\\src\\server.ts": {"path":"C:\\Users\\igor\\Desktop\\projetos\\SurfApp\\src\\server.ts","statementMap":{"0":{"start":{"line":1,"column":0},"end":{"line":1,"column":29}},"1":{"start":{"line":2,"column":0},"end":{"line":2,"column":43}},"2":{"start":{"line":4,"column":0},"end":{"line":4,"column":37}},"3":{"start":{"line":6,"column":0},"end":{"line":6,"column":61}},"4":{"start":{"line":10,"column":4},"end":{"line":10,"column":12}},"5":{"start":{"line":9,"column":22},"end":{"line":9,"column":29}},"6":{"start":{"line":14,"column":4},"end":{"line":14,"column":24}},"7":{"start":{"line":15,"column":4},"end":{"line":15,"column":28}},"8":{"start":{"line":19,"column":4},"end":{"line":19,"column":36}},"9":{"start":{"line":20,"column":4},"end":{"line":20,"column":28}},"10":{"start":{"line":24,"column":31},"end":{"line":24,"column":55}},"11":{"start":{"line":25,"column":4},"end":{"line":25,"column":46}},"12":{"start":{"line":29,"column":4},"end":{"line":29,"column":20}},"13":{"start":{"line":8,"column":0},"end":{"line":8,"column":13}}},"fnMap":{"0":{"name":"(anonymous_1)","decl":{"start":{"line":9,"column":2},"end":{"line":9,"column":22}},"loc":{"start":{"line":9,"column":33},"end":{"line":11,"column":3}}},"1":{"name":"(anonymous_2)","decl":{"start":{"line":13,"column":9},"end":{"line":13,"column":14}},"loc":{"start":{"line":13,"column":19},"end":{"line":16,"column":3}}},"2":{"name":"(anonymous_3)","decl":{"start":{"line":18,"column":10},"end":{"line":18,"column":22}},"loc":{"start":{"line":18,"column":22},"end":{"line":21,"column":3}}},"3":{"name":"(anonymous_4)","decl":{"start":{"line":23,"column":10},"end":{"line":23,"column":26}},"loc":{"start":{"line":23,"column":26},"end":{"line":26,"column":3}}},"4":{"name":"(anonymous_5)","decl":{"start":{"line":28,"column":9},"end":{"line":28,"column":15}},"loc":{"start":{"line":28,"column":15},"end":{"line":30,"column":3}}}},"branchMap":{"0":{"loc":{"start":{"line":9,"column":22},"end":{"line":9,"column":33}},"type":"default-arg","locations":[{"start":{"line":9,"column":29},"end":{"line":9,"column":33}}]}},"s":{"0":1,"1":1,"2":1,"3":1,"4":1,"5":1,"6":1,"7":1,"8":1,"9":1,"10":2,"11":2,"12":1,"13":1},"f":{"0":1,"1":1,"2":1,"3":2,"4":1},"b":{"0":[1]}}
,"C:\\Users\\igor\\Desktop\\projetos\\SurfApp\\src\\constrollers\\forecast.ts": {"path":"C:\\Users\\igor\\Desktop\\projetos\\SurfApp\\src\\constrollers\\forecast.ts","statementMap":{"0":{"start":{"line":1,"column":0},"end":{"line":1,"column":52}},"1":{"start":{"line":5,"column":0},"end":{"line":49,"column":null}},"2":{"start":{"line":8,"column":4},"end":{"line":47,"column":7}},"3":{"start":{"line":7,"column":2},"end":{"line":48,"column":null}},"4":{"start":{"line":5,"column":13},"end":{"line":49,"column":null}},"5":{"start":{"line":5,"column":13},"end":{"line":5,"column":31}}},"fnMap":{"0":{"name":"(anonymous_2)","decl":{"start":{"line":7,"column":9},"end":{"line":7,"column":33}},"loc":{"start":{"line":7,"column":59},"end":{"line":48,"column":3}}}},"branchMap":{},"s":{"0":1,"1":1,"2":1,"3":1,"4":1,"5":1},"f":{"0":1},"b":{}}
,"C:\\Users\\igor\\Desktop\\projetos\\SurfApp\\src\\util\\module-alias.ts": {"path":"C:\\Users\\igor\\Desktop\\projetos\\SurfApp\\src\\util\\module-alias.ts","statementMap":{"0":{"start":{"line":1,"column":0},"end":{"line":1,"column":29}},"1":{"start":{"line":2,"column":0},"end":{"line":2,"column":30}},"2":{"start":{"line":4,"column":14},"end":{"line":4,"column":47}},"3":{"start":{"line":6,"column":0},"end":{"line":9,"column":3}}},"fnMap":{},"branchMap":{},"s":{"0":1,"1":1,"2":1,"3":1},"f":{},"b":{}}
}
