{"C:\\Users\\igor\\Desktop\\projetos\\SurfApp\\src\\clients\\StormGlass.ts": {"path":"C:\\Users\\igor\\Desktop\\projetos\\SurfApp\\src\\clients\\StormGlass.ts","statementMap":{"0":{"start":{"line":49,"column":24},"end":{"line":49,"column":44}},"1":{"start":{"line":45,"column":11},"end":{"line":46,"column":94}},"2":{"start":{"line":47,"column":11},"end":{"line":47,"column":40}},"3":{"start":{"line":52,"column":16},"end":{"line":52,"column":152}},"4":{"start":{"line":53,"column":21},"end":{"line":53,"column":76}},"5":{"start":{"line":54,"column":4},"end":{"line":54,"column":40}},"6":{"start":{"line":60,"column":4},"end":{"line":69,"column":8}},"7":{"start":{"line":60,"column":77},"end":{"line":69,"column":6}},"8":{"start":{"line":72,"column":4},"end":{"line":81,"column":6}},"9":{"start":{"line":44,"column":0},"end":{"line":44,"column":13}}},"fnMap":{"0":{"name":"(anonymous_0)","decl":{"start":{"line":49,"column":2},"end":{"line":49,"column":24}},"loc":{"start":{"line":49,"column":44},"end":{"line":49,"column":48}}},"1":{"name":"(anonymous_1)","decl":{"start":{"line":51,"column":9},"end":{"line":51,"column":14}},"loc":{"start":{"line":51,"column":51},"end":{"line":55,"column":3}}},"2":{"name":"(anonymous_2)","decl":{"start":{"line":57,"column":10},"end":{"line":57,"column":27}},"loc":{"start":{"line":58,"column":38},"end":{"line":70,"column":3}}},"3":{"name":"(anonymous_3)","decl":{"start":{"line":60,"column":65},"end":{"line":60,"column":66}},"loc":{"start":{"line":60,"column":77},"end":{"line":69,"column":6}}},"4":{"name":"(anonymous_4)","decl":{"start":{"line":71,"column":10},"end":{"line":71,"column":22}},"loc":{"start":{"line":71,"column":54},"end":{"line":82,"column":3}}}},"branchMap":{"0":{"loc":{"start":{"line":73,"column":6},"end":{"line":80,"column":21}},"type":"binary-expr","locations":[{"start":{"line":73,"column":6},"end":{"line":73,"column":16}},{"start":{"line":74,"column":6},"end":{"line":74,"column":26}},{"start":{"line":75,"column":6},"end":{"line":75,"column":23}},{"start":{"line":76,"column":6},"end":{"line":76,"column":23}},{"start":{"line":77,"column":6},"end":{"line":77,"column":25}},{"start":{"line":78,"column":6},"end":{"line":78,"column":22}},{"start":{"line":79,"column":6},"end":{"line":79,"column":25}},{"start":{"line":80,"column":6},"end":{"line":80,"column":21}}]}},"s":{"0":1,"1":1,"2":1,"3":1,"4":1,"5":1,"6":1,"7":3,"8":3,"9":1},"f":{"0":1,"1":1,"2":1,"3":3,"4":3},"b":{"0":[3,3,3,3,3,3,3,3]}}
}
